ModuleCmd_Load.c(213):ERROR:105: Unable to locate a modulefile for 'python'
2020-09-03 15:50:53.954398: W tensorflow/stream_executor/platform/default/dso_loader.cc:55] Could not load dynamic library 'libnvinfer.so.6'; dlerror: libnvinfer.so.6: cannot open shared object file: No such file or directory; LD_LIBRARY_PATH: /cm/shared/openmind/cudnn/cudnn-8.0-v5.1/lib64:/cm/shared/openmind/cuda/8.0/lib64:/cm/shared/openmind/cuda/8.0/lib
2020-09-03 15:50:53.956179: W tensorflow/stream_executor/platform/default/dso_loader.cc:55] Could not load dynamic library 'libnvinfer_plugin.so.6'; dlerror: libnvinfer_plugin.so.6: cannot open shared object file: No such file or directory; LD_LIBRARY_PATH: /cm/shared/openmind/cudnn/cudnn-8.0-v5.1/lib64:/cm/shared/openmind/cuda/8.0/lib64:/cm/shared/openmind/cuda/8.0/lib
2020-09-03 15:50:53.956212: W tensorflow/compiler/tf2tensorrt/utils/py_utils.cc:30] Cannot dlopen some TensorRT libraries. If you would like to use Nvidia GPU with TensorRT, please make sure the missing libraries mentioned above are installed properly.
2020-09-03 15:51:08.676433: W tensorflow/python/util/util.cc:319] Sets are not currently considered sequences, but this may change in the future, so consider avoiding using them.
2020-09-03 15:51:08.872272: I tensorflow/stream_executor/platform/default/dso_loader.cc:44] Successfully opened dynamic library libcuda.so.1
2020-09-03 15:51:08.899209: E tensorflow/stream_executor/cuda/cuda_driver.cc:351] failed call to cuInit: CUDA_ERROR_NO_DEVICE: no CUDA-capable device is detected
2020-09-03 15:51:08.899289: I tensorflow/stream_executor/cuda/cuda_diagnostics.cc:169] retrieving CUDA diagnostic information for host: node031
2020-09-03 15:51:08.899301: I tensorflow/stream_executor/cuda/cuda_diagnostics.cc:176] hostname: node031
2020-09-03 15:51:08.899445: I tensorflow/stream_executor/cuda/cuda_diagnostics.cc:200] libcuda reported version is: 440.82.0
2020-09-03 15:51:08.899527: I tensorflow/stream_executor/cuda/cuda_diagnostics.cc:204] kernel reported version is: 440.82.0
2020-09-03 15:51:08.899540: I tensorflow/stream_executor/cuda/cuda_diagnostics.cc:310] kernel version seems to match DSO: 440.82.0
2020-09-03 15:51:08.899973: I tensorflow/core/platform/cpu_feature_guard.cc:142] Your CPU supports instructions that this TensorFlow binary was not compiled to use: AVX2 FMA
2020-09-03 15:51:08.910621: I tensorflow/core/platform/profile_utils/cpu_utils.cc:94] CPU Frequency: 2600205000 Hz
2020-09-03 15:51:08.911375: I tensorflow/compiler/xla/service/service.cc:168] XLA service 0x55f2974cebf0 initialized for platform Host (this does not guarantee that XLA will be used). Devices:
2020-09-03 15:51:08.911396: I tensorflow/compiler/xla/service/service.cc:176]   StreamExecutor device (0): Host, Default Version
All model checkpoint weights were used when initializing TFGPT2LMHeadModel.

All the weights of TFGPT2LMHeadModel were initialized from the model checkpoint at gpt2.
If your task is similar to the task the model of the ckeckpoint was trained on, you can already use TFGPT2LMHeadModel for predictions without further training.
All model checkpoint weights were used when initializing TFTransfoXLLMHeadModel.

All the weights of TFTransfoXLLMHeadModel were initialized from the model checkpoint at transfo-xl-wt103.
If your task is similar to the task the model of the ckeckpoint was trained on, you can already use TFTransfoXLLMHeadModel for predictions without further training.
NEW WORD vas
CURR PRE-NEW CONTEXT Who
NEW CONTEXT Who vas
NEW WORD Fel
CURR PRE-NEW CONTEXT Who
NEW CONTEXT Who Fel
NEW WORD Basic
CURR PRE-NEW CONTEXT Who
NEW CONTEXT Who Basic
NEW WORD vas
CURR PRE-NEW CONTEXT Who
NEW CONTEXT Who vas
NEW WORD vas
CURR PRE-NEW CONTEXT Who
NEW CONTEXT Who vas
highest JS word vas
CURR CONTEXT Who vas JS 0.509512186050415
Traceback (most recent call last):
  File "auto_regressive.py", line 113, in <module>
    auto_regressive(model_info, curr_context, 50, 1, 15, 0, joint_vocab, 50)
  File "auto_regressive.py", line 100, in auto_regressive
    return auto_regressive(model_info, curr_context, num_return_seqs, current_len + 1, max_len , total_js, joint_vocab)
TypeError: auto_regressive() missing 1 required positional argument: 'top_k'
2020-09-03 15:51:39.859787: W tensorflow/stream_executor/platform/default/dso_loader.cc:55] Could not load dynamic library 'libnvinfer.so.6'; dlerror: libnvinfer.so.6: cannot open shared object file: No such file or directory; LD_LIBRARY_PATH: /cm/shared/openmind/cudnn/cudnn-8.0-v5.1/lib64:/cm/shared/openmind/cuda/8.0/lib64:/cm/shared/openmind/cuda/8.0/lib
2020-09-03 15:51:39.859915: W tensorflow/stream_executor/platform/default/dso_loader.cc:55] Could not load dynamic library 'libnvinfer_plugin.so.6'; dlerror: libnvinfer_plugin.so.6: cannot open shared object file: No such file or directory; LD_LIBRARY_PATH: /cm/shared/openmind/cudnn/cudnn-8.0-v5.1/lib64:/cm/shared/openmind/cuda/8.0/lib64:/cm/shared/openmind/cuda/8.0/lib
2020-09-03 15:51:39.859927: W tensorflow/compiler/tf2tensorrt/utils/py_utils.cc:30] Cannot dlopen some TensorRT libraries. If you would like to use Nvidia GPU with TensorRT, please make sure the missing libraries mentioned above are installed properly.
2020-09-03 15:51:45.318081: W tensorflow/python/util/util.cc:319] Sets are not currently considered sequences, but this may change in the future, so consider avoiding using them.
2020-09-03 15:51:45.496518: I tensorflow/stream_executor/platform/default/dso_loader.cc:44] Successfully opened dynamic library libcuda.so.1
2020-09-03 15:51:45.499225: E tensorflow/stream_executor/cuda/cuda_driver.cc:351] failed call to cuInit: CUDA_ERROR_NO_DEVICE: no CUDA-capable device is detected
2020-09-03 15:51:45.499275: I tensorflow/stream_executor/cuda/cuda_diagnostics.cc:169] retrieving CUDA diagnostic information for host: node031
2020-09-03 15:51:45.499287: I tensorflow/stream_executor/cuda/cuda_diagnostics.cc:176] hostname: node031
2020-09-03 15:51:45.499373: I tensorflow/stream_executor/cuda/cuda_diagnostics.cc:200] libcuda reported version is: 440.82.0
2020-09-03 15:51:45.499424: I tensorflow/stream_executor/cuda/cuda_diagnostics.cc:204] kernel reported version is: 440.82.0
2020-09-03 15:51:45.499436: I tensorflow/stream_executor/cuda/cuda_diagnostics.cc:310] kernel version seems to match DSO: 440.82.0
2020-09-03 15:51:45.499817: I tensorflow/core/platform/cpu_feature_guard.cc:142] Your CPU supports instructions that this TensorFlow binary was not compiled to use: AVX2 FMA
2020-09-03 15:51:45.509422: I tensorflow/core/platform/profile_utils/cpu_utils.cc:94] CPU Frequency: 2600205000 Hz
2020-09-03 15:51:45.510253: I tensorflow/compiler/xla/service/service.cc:168] XLA service 0x56447e0970a0 initialized for platform Host (this does not guarantee that XLA will be used). Devices:
2020-09-03 15:51:45.510274: I tensorflow/compiler/xla/service/service.cc:176]   StreamExecutor device (0): Host, Default Version
All model checkpoint weights were used when initializing TFGPT2LMHeadModel.

All the weights of TFGPT2LMHeadModel were initialized from the model checkpoint at gpt2.
If your task is similar to the task the model of the ckeckpoint was trained on, you can already use TFGPT2LMHeadModel for predictions without further training.
All model checkpoint weights were used when initializing TFTransfoXLLMHeadModel.

All the weights of TFTransfoXLLMHeadModel were initialized from the model checkpoint at transfo-xl-wt103.
If your task is similar to the task the model of the ckeckpoint was trained on, you can already use TFTransfoXLLMHeadModel for predictions without further training.
NEW WORD say
CURR PRE-NEW CONTEXT Where
NEW CONTEXT Where say
NEW WORD wig
CURR PRE-NEW CONTEXT Where
NEW CONTEXT Where wig
NEW WORD make
CURR PRE-NEW CONTEXT Where
NEW CONTEXT Where make
NEW WORD wig
CURR PRE-NEW CONTEXT Where
NEW CONTEXT Where wig
NEW WORD wig
CURR PRE-NEW CONTEXT Where
NEW CONTEXT Where wig
highest JS word say
CURR CONTEXT Where say JS 0.49334120750427246
Traceback (most recent call last):
  File "auto_regressive.py", line 113, in <module>
    auto_regressive(model_info, curr_context, 50, 1, 15, 0, joint_vocab, 50)
  File "auto_regressive.py", line 100, in auto_regressive
    return auto_regressive(model_info, curr_context, num_return_seqs, current_len + 1, max_len , total_js, joint_vocab)
TypeError: auto_regressive() missing 1 required positional argument: 'top_k'
2020-09-03 15:52:13.566262: W tensorflow/stream_executor/platform/default/dso_loader.cc:55] Could not load dynamic library 'libnvinfer.so.6'; dlerror: libnvinfer.so.6: cannot open shared object file: No such file or directory; LD_LIBRARY_PATH: /cm/shared/openmind/cudnn/cudnn-8.0-v5.1/lib64:/cm/shared/openmind/cuda/8.0/lib64:/cm/shared/openmind/cuda/8.0/lib
2020-09-03 15:52:13.566386: W tensorflow/stream_executor/platform/default/dso_loader.cc:55] Could not load dynamic library 'libnvinfer_plugin.so.6'; dlerror: libnvinfer_plugin.so.6: cannot open shared object file: No such file or directory; LD_LIBRARY_PATH: /cm/shared/openmind/cudnn/cudnn-8.0-v5.1/lib64:/cm/shared/openmind/cuda/8.0/lib64:/cm/shared/openmind/cuda/8.0/lib
2020-09-03 15:52:13.566398: W tensorflow/compiler/tf2tensorrt/utils/py_utils.cc:30] Cannot dlopen some TensorRT libraries. If you would like to use Nvidia GPU with TensorRT, please make sure the missing libraries mentioned above are installed properly.
2020-09-03 15:52:19.091721: W tensorflow/python/util/util.cc:319] Sets are not currently considered sequences, but this may change in the future, so consider avoiding using them.
2020-09-03 15:52:19.266624: I tensorflow/stream_executor/platform/default/dso_loader.cc:44] Successfully opened dynamic library libcuda.so.1
2020-09-03 15:52:19.269123: E tensorflow/stream_executor/cuda/cuda_driver.cc:351] failed call to cuInit: CUDA_ERROR_NO_DEVICE: no CUDA-capable device is detected
2020-09-03 15:52:19.269165: I tensorflow/stream_executor/cuda/cuda_diagnostics.cc:169] retrieving CUDA diagnostic information for host: node031
2020-09-03 15:52:19.269176: I tensorflow/stream_executor/cuda/cuda_diagnostics.cc:176] hostname: node031
2020-09-03 15:52:19.269255: I tensorflow/stream_executor/cuda/cuda_diagnostics.cc:200] libcuda reported version is: 440.82.0
2020-09-03 15:52:19.269303: I tensorflow/stream_executor/cuda/cuda_diagnostics.cc:204] kernel reported version is: 440.82.0
2020-09-03 15:52:19.269313: I tensorflow/stream_executor/cuda/cuda_diagnostics.cc:310] kernel version seems to match DSO: 440.82.0
2020-09-03 15:52:19.269688: I tensorflow/core/platform/cpu_feature_guard.cc:142] Your CPU supports instructions that this TensorFlow binary was not compiled to use: AVX2 FMA
2020-09-03 15:52:19.279290: I tensorflow/core/platform/profile_utils/cpu_utils.cc:94] CPU Frequency: 2600205000 Hz
2020-09-03 15:52:19.279960: I tensorflow/compiler/xla/service/service.cc:168] XLA service 0x55ff3e34dc60 initialized for platform Host (this does not guarantee that XLA will be used). Devices:
2020-09-03 15:52:19.279980: I tensorflow/compiler/xla/service/service.cc:176]   StreamExecutor device (0): Host, Default Version
All model checkpoint weights were used when initializing TFGPT2LMHeadModel.

All the weights of TFGPT2LMHeadModel were initialized from the model checkpoint at gpt2.
If your task is similar to the task the model of the ckeckpoint was trained on, you can already use TFGPT2LMHeadModel for predictions without further training.
All model checkpoint weights were used when initializing TFTransfoXLLMHeadModel.

All the weights of TFTransfoXLLMHeadModel were initialized from the model checkpoint at transfo-xl-wt103.
If your task is similar to the task the model of the ckeckpoint was trained on, you can already use TFTransfoXLLMHeadModel for predictions without further training.
NEW WORD Console
CURR PRE-NEW CONTEXT When
NEW CONTEXT When Console
NEW WORD sufficient
CURR PRE-NEW CONTEXT When
NEW CONTEXT When sufficient
NEW WORD existent
CURR PRE-NEW CONTEXT When
NEW CONTEXT When existent
NEW WORD sufficient
CURR PRE-NEW CONTEXT When
NEW CONTEXT When sufficient
NEW WORD pure
CURR PRE-NEW CONTEXT When
NEW CONTEXT When pure
highest JS word Console
CURR CONTEXT When Console JS 0.4783371686935425
Traceback (most recent call last):
  File "auto_regressive.py", line 113, in <module>
    auto_regressive(model_info, curr_context, 50, 1, 15, 0, joint_vocab, 50)
  File "auto_regressive.py", line 100, in auto_regressive
    return auto_regressive(model_info, curr_context, num_return_seqs, current_len + 1, max_len , total_js, joint_vocab)
TypeError: auto_regressive() missing 1 required positional argument: 'top_k'
2020-09-03 15:52:46.638292: W tensorflow/stream_executor/platform/default/dso_loader.cc:55] Could not load dynamic library 'libnvinfer.so.6'; dlerror: libnvinfer.so.6: cannot open shared object file: No such file or directory; LD_LIBRARY_PATH: /cm/shared/openmind/cudnn/cudnn-8.0-v5.1/lib64:/cm/shared/openmind/cuda/8.0/lib64:/cm/shared/openmind/cuda/8.0/lib
2020-09-03 15:52:46.638417: W tensorflow/stream_executor/platform/default/dso_loader.cc:55] Could not load dynamic library 'libnvinfer_plugin.so.6'; dlerror: libnvinfer_plugin.so.6: cannot open shared object file: No such file or directory; LD_LIBRARY_PATH: /cm/shared/openmind/cudnn/cudnn-8.0-v5.1/lib64:/cm/shared/openmind/cuda/8.0/lib64:/cm/shared/openmind/cuda/8.0/lib
2020-09-03 15:52:46.638431: W tensorflow/compiler/tf2tensorrt/utils/py_utils.cc:30] Cannot dlopen some TensorRT libraries. If you would like to use Nvidia GPU with TensorRT, please make sure the missing libraries mentioned above are installed properly.
2020-09-03 15:52:51.554422: W tensorflow/python/util/util.cc:319] Sets are not currently considered sequences, but this may change in the future, so consider avoiding using them.
2020-09-03 15:52:51.736459: I tensorflow/stream_executor/platform/default/dso_loader.cc:44] Successfully opened dynamic library libcuda.so.1
2020-09-03 15:52:51.739303: E tensorflow/stream_executor/cuda/cuda_driver.cc:351] failed call to cuInit: CUDA_ERROR_NO_DEVICE: no CUDA-capable device is detected
2020-09-03 15:52:51.739344: I tensorflow/stream_executor/cuda/cuda_diagnostics.cc:169] retrieving CUDA diagnostic information for host: node031
2020-09-03 15:52:51.739355: I tensorflow/stream_executor/cuda/cuda_diagnostics.cc:176] hostname: node031
2020-09-03 15:52:51.739435: I tensorflow/stream_executor/cuda/cuda_diagnostics.cc:200] libcuda reported version is: 440.82.0
2020-09-03 15:52:51.739493: I tensorflow/stream_executor/cuda/cuda_diagnostics.cc:204] kernel reported version is: 440.82.0
2020-09-03 15:52:51.739505: I tensorflow/stream_executor/cuda/cuda_diagnostics.cc:310] kernel version seems to match DSO: 440.82.0
2020-09-03 15:52:51.739880: I tensorflow/core/platform/cpu_feature_guard.cc:142] Your CPU supports instructions that this TensorFlow binary was not compiled to use: AVX2 FMA
2020-09-03 15:52:51.749650: I tensorflow/core/platform/profile_utils/cpu_utils.cc:94] CPU Frequency: 2600205000 Hz
2020-09-03 15:52:51.750458: I tensorflow/compiler/xla/service/service.cc:168] XLA service 0x559eae698020 initialized for platform Host (this does not guarantee that XLA will be used). Devices:
2020-09-03 15:52:51.750485: I tensorflow/compiler/xla/service/service.cc:176]   StreamExecutor device (0): Host, Default Version
All model checkpoint weights were used when initializing TFGPT2LMHeadModel.

All the weights of TFGPT2LMHeadModel were initialized from the model checkpoint at gpt2.
If your task is similar to the task the model of the ckeckpoint was trained on, you can already use TFGPT2LMHeadModel for predictions without further training.
All model checkpoint weights were used when initializing TFTransfoXLLMHeadModel.

All the weights of TFTransfoXLLMHeadModel were initialized from the model checkpoint at transfo-xl-wt103.
If your task is similar to the task the model of the ckeckpoint was trained on, you can already use TFTransfoXLLMHeadModel for predictions without further training.
NEW WORD boy
CURR PRE-NEW CONTEXT Why
NEW CONTEXT Why boy
NEW WORD M
CURR PRE-NEW CONTEXT Why
NEW CONTEXT Why M
NEW WORD kl
CURR PRE-NEW CONTEXT Why
NEW CONTEXT Why kl
NEW WORD ik
CURR PRE-NEW CONTEXT Why
NEW CONTEXT Why ik
NEW WORD kl
CURR PRE-NEW CONTEXT Why
NEW CONTEXT Why kl
highest JS word kl
CURR CONTEXT Why kl JS 0.47763949632644653
Traceback (most recent call last):
  File "auto_regressive.py", line 113, in <module>
    auto_regressive(model_info, curr_context, 50, 1, 15, 0, joint_vocab, 50)
  File "auto_regressive.py", line 100, in auto_regressive
    return auto_regressive(model_info, curr_context, num_return_seqs, current_len + 1, max_len , total_js, joint_vocab)
TypeError: auto_regressive() missing 1 required positional argument: 'top_k'
2020-09-03 15:53:19.176673: W tensorflow/stream_executor/platform/default/dso_loader.cc:55] Could not load dynamic library 'libnvinfer.so.6'; dlerror: libnvinfer.so.6: cannot open shared object file: No such file or directory; LD_LIBRARY_PATH: /cm/shared/openmind/cudnn/cudnn-8.0-v5.1/lib64:/cm/shared/openmind/cuda/8.0/lib64:/cm/shared/openmind/cuda/8.0/lib
2020-09-03 15:53:19.176798: W tensorflow/stream_executor/platform/default/dso_loader.cc:55] Could not load dynamic library 'libnvinfer_plugin.so.6'; dlerror: libnvinfer_plugin.so.6: cannot open shared object file: No such file or directory; LD_LIBRARY_PATH: /cm/shared/openmind/cudnn/cudnn-8.0-v5.1/lib64:/cm/shared/openmind/cuda/8.0/lib64:/cm/shared/openmind/cuda/8.0/lib
2020-09-03 15:53:19.176811: W tensorflow/compiler/tf2tensorrt/utils/py_utils.cc:30] Cannot dlopen some TensorRT libraries. If you would like to use Nvidia GPU with TensorRT, please make sure the missing libraries mentioned above are installed properly.
2020-09-03 15:53:24.009535: W tensorflow/python/util/util.cc:319] Sets are not currently considered sequences, but this may change in the future, so consider avoiding using them.
2020-09-03 15:53:24.182488: I tensorflow/stream_executor/platform/default/dso_loader.cc:44] Successfully opened dynamic library libcuda.so.1
2020-09-03 15:53:24.184994: E tensorflow/stream_executor/cuda/cuda_driver.cc:351] failed call to cuInit: CUDA_ERROR_NO_DEVICE: no CUDA-capable device is detected
2020-09-03 15:53:24.185036: I tensorflow/stream_executor/cuda/cuda_diagnostics.cc:169] retrieving CUDA diagnostic information for host: node031
2020-09-03 15:53:24.185047: I tensorflow/stream_executor/cuda/cuda_diagnostics.cc:176] hostname: node031
2020-09-03 15:53:24.185127: I tensorflow/stream_executor/cuda/cuda_diagnostics.cc:200] libcuda reported version is: 440.82.0
2020-09-03 15:53:24.185174: I tensorflow/stream_executor/cuda/cuda_diagnostics.cc:204] kernel reported version is: 440.82.0
2020-09-03 15:53:24.185185: I tensorflow/stream_executor/cuda/cuda_diagnostics.cc:310] kernel version seems to match DSO: 440.82.0
2020-09-03 15:53:24.185546: I tensorflow/core/platform/cpu_feature_guard.cc:142] Your CPU supports instructions that this TensorFlow binary was not compiled to use: AVX2 FMA
2020-09-03 15:53:24.195005: I tensorflow/core/platform/profile_utils/cpu_utils.cc:94] CPU Frequency: 2600205000 Hz
2020-09-03 15:53:24.195789: I tensorflow/compiler/xla/service/service.cc:168] XLA service 0x561a2a0ad180 initialized for platform Host (this does not guarantee that XLA will be used). Devices:
2020-09-03 15:53:24.195809: I tensorflow/compiler/xla/service/service.cc:176]   StreamExecutor device (0): Host, Default Version
All model checkpoint weights were used when initializing TFGPT2LMHeadModel.

All the weights of TFGPT2LMHeadModel were initialized from the model checkpoint at gpt2.
If your task is similar to the task the model of the ckeckpoint was trained on, you can already use TFGPT2LMHeadModel for predictions without further training.
All model checkpoint weights were used when initializing TFTransfoXLLMHeadModel.

All the weights of TFTransfoXLLMHeadModel were initialized from the model checkpoint at transfo-xl-wt103.
If your task is similar to the task the model of the ckeckpoint was trained on, you can already use TFTransfoXLLMHeadModel for predictions without further training.
NEW WORD resolution
CURR PRE-NEW CONTEXT How
NEW CONTEXT How resolution
NEW WORD 249
CURR PRE-NEW CONTEXT How
NEW CONTEXT How 249
NEW WORD EVA
CURR PRE-NEW CONTEXT How
NEW CONTEXT How EVA
NEW WORD 249
CURR PRE-NEW CONTEXT How
NEW CONTEXT How 249
NEW WORD Keeping
CURR PRE-NEW CONTEXT How
NEW CONTEXT How Keeping
highest JS word resolution
CURR CONTEXT How resolution JS 0.5553673505783081
Traceback (most recent call last):
  File "auto_regressive.py", line 113, in <module>
    auto_regressive(model_info, curr_context, 50, 1, 15, 0, joint_vocab, 50)
  File "auto_regressive.py", line 100, in auto_regressive
    return auto_regressive(model_info, curr_context, num_return_seqs, current_len + 1, max_len , total_js, joint_vocab)
TypeError: auto_regressive() missing 1 required positional argument: 'top_k'
2020-09-03 15:53:51.986829: W tensorflow/stream_executor/platform/default/dso_loader.cc:55] Could not load dynamic library 'libnvinfer.so.6'; dlerror: libnvinfer.so.6: cannot open shared object file: No such file or directory; LD_LIBRARY_PATH: /cm/shared/openmind/cudnn/cudnn-8.0-v5.1/lib64:/cm/shared/openmind/cuda/8.0/lib64:/cm/shared/openmind/cuda/8.0/lib
2020-09-03 15:53:51.986968: W tensorflow/stream_executor/platform/default/dso_loader.cc:55] Could not load dynamic library 'libnvinfer_plugin.so.6'; dlerror: libnvinfer_plugin.so.6: cannot open shared object file: No such file or directory; LD_LIBRARY_PATH: /cm/shared/openmind/cudnn/cudnn-8.0-v5.1/lib64:/cm/shared/openmind/cuda/8.0/lib64:/cm/shared/openmind/cuda/8.0/lib
2020-09-03 15:53:51.986982: W tensorflow/compiler/tf2tensorrt/utils/py_utils.cc:30] Cannot dlopen some TensorRT libraries. If you would like to use Nvidia GPU with TensorRT, please make sure the missing libraries mentioned above are installed properly.
2020-09-03 15:53:57.078775: W tensorflow/python/util/util.cc:319] Sets are not currently considered sequences, but this may change in the future, so consider avoiding using them.
2020-09-03 15:53:57.255574: I tensorflow/stream_executor/platform/default/dso_loader.cc:44] Successfully opened dynamic library libcuda.so.1
2020-09-03 15:53:57.258658: E tensorflow/stream_executor/cuda/cuda_driver.cc:351] failed call to cuInit: CUDA_ERROR_NO_DEVICE: no CUDA-capable device is detected
2020-09-03 15:53:57.258701: I tensorflow/stream_executor/cuda/cuda_diagnostics.cc:169] retrieving CUDA diagnostic information for host: node031
2020-09-03 15:53:57.258712: I tensorflow/stream_executor/cuda/cuda_diagnostics.cc:176] hostname: node031
2020-09-03 15:53:57.258803: I tensorflow/stream_executor/cuda/cuda_diagnostics.cc:200] libcuda reported version is: 440.82.0
2020-09-03 15:53:57.258850: I tensorflow/stream_executor/cuda/cuda_diagnostics.cc:204] kernel reported version is: 440.82.0
2020-09-03 15:53:57.258860: I tensorflow/stream_executor/cuda/cuda_diagnostics.cc:310] kernel version seems to match DSO: 440.82.0
2020-09-03 15:53:57.259221: I tensorflow/core/platform/cpu_feature_guard.cc:142] Your CPU supports instructions that this TensorFlow binary was not compiled to use: AVX2 FMA
2020-09-03 15:53:57.268928: I tensorflow/core/platform/profile_utils/cpu_utils.cc:94] CPU Frequency: 2600205000 Hz
2020-09-03 15:53:57.269625: I tensorflow/compiler/xla/service/service.cc:168] XLA service 0x5607cdc8ac00 initialized for platform Host (this does not guarantee that XLA will be used). Devices:
2020-09-03 15:53:57.269645: I tensorflow/compiler/xla/service/service.cc:176]   StreamExecutor device (0): Host, Default Version
All model checkpoint weights were used when initializing TFGPT2LMHeadModel.

All the weights of TFGPT2LMHeadModel were initialized from the model checkpoint at gpt2.
If your task is similar to the task the model of the ckeckpoint was trained on, you can already use TFGPT2LMHeadModel for predictions without further training.
All model checkpoint weights were used when initializing TFTransfoXLLMHeadModel.

All the weights of TFTransfoXLLMHeadModel were initialized from the model checkpoint at transfo-xl-wt103.
If your task is similar to the task the model of the ckeckpoint was trained on, you can already use TFTransfoXLLMHeadModel for predictions without further training.
NEW WORD wide
CURR PRE-NEW CONTEXT The
NEW CONTEXT The wide
NEW WORD we
CURR PRE-NEW CONTEXT The
NEW CONTEXT The we
NEW WORD Pur
CURR PRE-NEW CONTEXT The
NEW CONTEXT The Pur
NEW WORD wide
CURR PRE-NEW CONTEXT The
NEW CONTEXT The wide
NEW WORD wide
CURR PRE-NEW CONTEXT The
NEW CONTEXT The wide
highest JS word wide
CURR CONTEXT The wide JS 0.417502224445343
Traceback (most recent call last):
  File "auto_regressive.py", line 113, in <module>
    auto_regressive(model_info, curr_context, 50, 1, 15, 0, joint_vocab, 50)
  File "auto_regressive.py", line 100, in auto_regressive
    return auto_regressive(model_info, curr_context, num_return_seqs, current_len + 1, max_len , total_js, joint_vocab)
TypeError: auto_regressive() missing 1 required positional argument: 'top_k'
2020-09-03 15:54:25.379866: W tensorflow/stream_executor/platform/default/dso_loader.cc:55] Could not load dynamic library 'libnvinfer.so.6'; dlerror: libnvinfer.so.6: cannot open shared object file: No such file or directory; LD_LIBRARY_PATH: /cm/shared/openmind/cudnn/cudnn-8.0-v5.1/lib64:/cm/shared/openmind/cuda/8.0/lib64:/cm/shared/openmind/cuda/8.0/lib
2020-09-03 15:54:25.379990: W tensorflow/stream_executor/platform/default/dso_loader.cc:55] Could not load dynamic library 'libnvinfer_plugin.so.6'; dlerror: libnvinfer_plugin.so.6: cannot open shared object file: No such file or directory; LD_LIBRARY_PATH: /cm/shared/openmind/cudnn/cudnn-8.0-v5.1/lib64:/cm/shared/openmind/cuda/8.0/lib64:/cm/shared/openmind/cuda/8.0/lib
2020-09-03 15:54:25.380004: W tensorflow/compiler/tf2tensorrt/utils/py_utils.cc:30] Cannot dlopen some TensorRT libraries. If you would like to use Nvidia GPU with TensorRT, please make sure the missing libraries mentioned above are installed properly.
2020-09-03 15:54:29.877520: W tensorflow/python/util/util.cc:319] Sets are not currently considered sequences, but this may change in the future, so consider avoiding using them.
2020-09-03 15:54:30.057349: I tensorflow/stream_executor/platform/default/dso_loader.cc:44] Successfully opened dynamic library libcuda.so.1
2020-09-03 15:54:30.059819: E tensorflow/stream_executor/cuda/cuda_driver.cc:351] failed call to cuInit: CUDA_ERROR_NO_DEVICE: no CUDA-capable device is detected
2020-09-03 15:54:30.059861: I tensorflow/stream_executor/cuda/cuda_diagnostics.cc:169] retrieving CUDA diagnostic information for host: node031
2020-09-03 15:54:30.059872: I tensorflow/stream_executor/cuda/cuda_diagnostics.cc:176] hostname: node031
2020-09-03 15:54:30.059949: I tensorflow/stream_executor/cuda/cuda_diagnostics.cc:200] libcuda reported version is: 440.82.0
2020-09-03 15:54:30.059997: I tensorflow/stream_executor/cuda/cuda_diagnostics.cc:204] kernel reported version is: 440.82.0
2020-09-03 15:54:30.060008: I tensorflow/stream_executor/cuda/cuda_diagnostics.cc:310] kernel version seems to match DSO: 440.82.0
2020-09-03 15:54:30.060357: I tensorflow/core/platform/cpu_feature_guard.cc:142] Your CPU supports instructions that this TensorFlow binary was not compiled to use: AVX2 FMA
2020-09-03 15:54:30.069803: I tensorflow/core/platform/profile_utils/cpu_utils.cc:94] CPU Frequency: 2600205000 Hz
2020-09-03 15:54:30.070437: I tensorflow/compiler/xla/service/service.cc:168] XLA service 0x5569e7f08bf0 initialized for platform Host (this does not guarantee that XLA will be used). Devices:
2020-09-03 15:54:30.070457: I tensorflow/compiler/xla/service/service.cc:176]   StreamExecutor device (0): Host, Default Version
All model checkpoint weights were used when initializing TFGPT2LMHeadModel.

All the weights of TFGPT2LMHeadModel were initialized from the model checkpoint at gpt2.
If your task is similar to the task the model of the ckeckpoint was trained on, you can already use TFGPT2LMHeadModel for predictions without further training.
All model checkpoint weights were used when initializing TFTransfoXLLMHeadModel.

All the weights of TFTransfoXLLMHeadModel were initialized from the model checkpoint at transfo-xl-wt103.
If your task is similar to the task the model of the ckeckpoint was trained on, you can already use TFTransfoXLLMHeadModel for predictions without further training.
NEW WORD wagen
CURR PRE-NEW CONTEXT My
NEW CONTEXT My wagen
NEW WORD wagen
CURR PRE-NEW CONTEXT My
NEW CONTEXT My wagen
NEW WORD γ
CURR PRE-NEW CONTEXT My
NEW CONTEXT My γ
NEW WORD wagen
CURR PRE-NEW CONTEXT My
NEW CONTEXT My wagen
NEW WORD γ
CURR PRE-NEW CONTEXT My
NEW CONTEXT My γ
highest JS word γ
CURR CONTEXT My γ JS 0.5166584253311157
Traceback (most recent call last):
  File "auto_regressive.py", line 113, in <module>
    auto_regressive(model_info, curr_context, 50, 1, 15, 0, joint_vocab, 50)
  File "auto_regressive.py", line 100, in auto_regressive
    return auto_regressive(model_info, curr_context, num_return_seqs, current_len + 1, max_len , total_js, joint_vocab)
TypeError: auto_regressive() missing 1 required positional argument: 'top_k'
2020-09-03 15:54:58.388576: W tensorflow/stream_executor/platform/default/dso_loader.cc:55] Could not load dynamic library 'libnvinfer.so.6'; dlerror: libnvinfer.so.6: cannot open shared object file: No such file or directory; LD_LIBRARY_PATH: /cm/shared/openmind/cudnn/cudnn-8.0-v5.1/lib64:/cm/shared/openmind/cuda/8.0/lib64:/cm/shared/openmind/cuda/8.0/lib
2020-09-03 15:54:58.388923: W tensorflow/stream_executor/platform/default/dso_loader.cc:55] Could not load dynamic library 'libnvinfer_plugin.so.6'; dlerror: libnvinfer_plugin.so.6: cannot open shared object file: No such file or directory; LD_LIBRARY_PATH: /cm/shared/openmind/cudnn/cudnn-8.0-v5.1/lib64:/cm/shared/openmind/cuda/8.0/lib64:/cm/shared/openmind/cuda/8.0/lib
2020-09-03 15:54:58.388936: W tensorflow/compiler/tf2tensorrt/utils/py_utils.cc:30] Cannot dlopen some TensorRT libraries. If you would like to use Nvidia GPU with TensorRT, please make sure the missing libraries mentioned above are installed properly.
2020-09-03 15:55:03.283882: W tensorflow/python/util/util.cc:319] Sets are not currently considered sequences, but this may change in the future, so consider avoiding using them.
2020-09-03 15:55:03.459800: I tensorflow/stream_executor/platform/default/dso_loader.cc:44] Successfully opened dynamic library libcuda.so.1
2020-09-03 15:55:03.462568: E tensorflow/stream_executor/cuda/cuda_driver.cc:351] failed call to cuInit: CUDA_ERROR_NO_DEVICE: no CUDA-capable device is detected
2020-09-03 15:55:03.462610: I tensorflow/stream_executor/cuda/cuda_diagnostics.cc:169] retrieving CUDA diagnostic information for host: node031
2020-09-03 15:55:03.462621: I tensorflow/stream_executor/cuda/cuda_diagnostics.cc:176] hostname: node031
2020-09-03 15:55:03.462699: I tensorflow/stream_executor/cuda/cuda_diagnostics.cc:200] libcuda reported version is: 440.82.0
2020-09-03 15:55:03.462746: I tensorflow/stream_executor/cuda/cuda_diagnostics.cc:204] kernel reported version is: 440.82.0
2020-09-03 15:55:03.462757: I tensorflow/stream_executor/cuda/cuda_diagnostics.cc:310] kernel version seems to match DSO: 440.82.0
2020-09-03 15:55:03.463134: I tensorflow/core/platform/cpu_feature_guard.cc:142] Your CPU supports instructions that this TensorFlow binary was not compiled to use: AVX2 FMA
2020-09-03 15:55:03.472816: I tensorflow/core/platform/profile_utils/cpu_utils.cc:94] CPU Frequency: 2600205000 Hz
2020-09-03 15:55:03.473596: I tensorflow/compiler/xla/service/service.cc:168] XLA service 0x55b61fa66670 initialized for platform Host (this does not guarantee that XLA will be used). Devices:
2020-09-03 15:55:03.473616: I tensorflow/compiler/xla/service/service.cc:176]   StreamExecutor device (0): Host, Default Version
All model checkpoint weights were used when initializing TFGPT2LMHeadModel.

All the weights of TFGPT2LMHeadModel were initialized from the model checkpoint at gpt2.
If your task is similar to the task the model of the ckeckpoint was trained on, you can already use TFGPT2LMHeadModel for predictions without further training.
All model checkpoint weights were used when initializing TFTransfoXLLMHeadModel.

All the weights of TFTransfoXLLMHeadModel were initialized from the model checkpoint at transfo-xl-wt103.
If your task is similar to the task the model of the ckeckpoint was trained on, you can already use TFTransfoXLLMHeadModel for predictions without further training.
NEW WORD Nav
CURR PRE-NEW CONTEXT I
NEW CONTEXT I Nav
NEW WORD vine
CURR PRE-NEW CONTEXT I
NEW CONTEXT I vine
NEW WORD Har
CURR PRE-NEW CONTEXT I
NEW CONTEXT I Har
NEW WORD Nav
CURR PRE-NEW CONTEXT I
NEW CONTEXT I Nav
NEW WORD vine
CURR PRE-NEW CONTEXT I
NEW CONTEXT I vine
highest JS word Nav
CURR CONTEXT I Nav JS 0.5134527087211609
Traceback (most recent call last):
  File "auto_regressive.py", line 113, in <module>
    auto_regressive(model_info, curr_context, 50, 1, 15, 0, joint_vocab, 50)
  File "auto_regressive.py", line 100, in auto_regressive
    return auto_regressive(model_info, curr_context, num_return_seqs, current_len + 1, max_len , total_js, joint_vocab)
TypeError: auto_regressive() missing 1 required positional argument: 'top_k'
